# JRE version: Java(TM) SE Runtime Environment (8.0_66-b18) (build 1.8.0_66-b18)
# Java VM: Java HotSpot(TM) 64-Bit Server VM (25.66-b18 mixed mode windows-amd64 compressed oops)
Heap:
 PSYoungGen      total 197632K, used 77228K [0x00000000eab00000, 0x00000000fb680000, 0x0000000100000000)
  eden space 188416K, 36% used [0x00000000eab00000,0x00000000eedd0cb0,0x00000000f6300000)
  from space 9216K, 95% used [0x00000000fad80000,0x00000000fb61a488,0x00000000fb680000)
  to   space 25088K, 0% used [0x00000000f8580000,0x00000000f8580000,0x00000000f9e00000)
 ParOldGen       total 91648K, used 39500K [0x00000000c0000000, 0x00000000c5980000, 0x00000000eab00000)
  object space 91648K, 43% used [0x00000000c0000000,0x00000000c2693138,0x00000000c5980000)
 Metaspace       used 58201K, capacity 60610K, committed 60928K, reserved 1101824K
  class space    used 7788K, capacity 8356K, committed 8448K, reserved 1048576K
GC Heap History (10 events):
Event: 24.687 GC heap before
{Heap before GC invocations=17 (full 2):
 PSYoungGen      total 173056K, used 173039K [0x00000000eab00000, 0x00000000f6c80000, 0x0000000100000000)
  eden space 155136K, 100% used [0x00000000eab00000,0x00000000f4280000,0x00000000f4280000)
  from space 17920K, 99% used [0x00000000f5880000,0x00000000f69fbf68,0x00000000f6a00000)
  to   space 21504K, 0% used [0x00000000f4280000,0x00000000f4280000,0x00000000f5780000)
 ParOldGen       total 91648K, used 20533K [0x00000000c0000000, 0x00000000c5980000, 0x00000000eab00000)
  object space 91648K, 22% used [0x00000000c0000000,0x00000000c140d448,0x00000000c5980000)
 Metaspace       used 46656K, capacity 48412K, committed 48512K, reserved 1091584K
  class space    used 6327K, capacity 6686K, committed 6784K, reserved 1048576K
Event: 24.719 GC heap after
Heap after GC invocations=17 (full 2):
 PSYoungGen      total 176640K, used 21487K [0x00000000eab00000, 0x00000000f9e80000, 0x0000000100000000)
  eden space 155136K, 0% used [0x00000000eab00000,0x00000000eab00000,0x00000000f4280000)
  from space 21504K, 99% used [0x00000000f4280000,0x00000000f577be60,0x00000000f5780000)
  to   space 27136K, 0% used [0x00000000f8400000,0x00000000f8400000,0x00000000f9e80000)
 ParOldGen       total 91648K, used 26662K [0x00000000c0000000, 0x00000000c5980000, 0x00000000eab00000)
  object space 91648K, 29% used [0x00000000c0000000,0x00000000c1a09ae0,0x00000000c5980000)
 Metaspace       used 46656K, capacity 48412K, committed 48512K, reserved 1091584K
  class space    used 6327K, capacity 6686K, committed 6784K, reserved 1048576K
}
Event: 25.048 GC heap before
{Heap before GC invocations=18 (full 2):
 PSYoungGen      total 176640K, used 37548K [0x00000000eab00000, 0x00000000f9e80000, 0x0000000100000000)
  eden space 155136K, 10% used [0x00000000eab00000,0x00000000ebaaf298,0x00000000f4280000)
  from space 21504K, 99% used [0x00000000f4280000,0x00000000f577be60,0x00000000f5780000)
  to   space 27136K, 0% used [0x00000000f8400000,0x00000000f8400000,0x00000000f9e80000)
 ParOldGen       total 91648K, used 26662K [0x00000000c0000000, 0x00000000c5980000, 0x00000000eab00000)
  object space 91648K, 29% used [0x00000000c0000000,0x00000000c1a09ae0,0x00000000c5980000)
 Metaspace       used 47431K, capacity 49352K, committed 49664K, reserved 1091584K
  class space    used 6437K, capacity 6850K, committed 6912K, reserved 1048576K
Event: 25.081 GC heap after
Heap after GC invocations=18 (full 2):
 PSYoungGen      total 220160K, used 12555K [0x00000000eab00000, 0x00000000f9c80000, 0x0000000100000000)
  eden space 195072K, 0% used [0x00000000eab00000,0x00000000eab00000,0x00000000f6980000)
  from space 25088K, 50% used [0x00000000f8400000,0x00000000f9042c18,0x00000000f9c80000)
  to   space 26112K, 0% used [0x00000000f6980000,0x00000000f6980000,0x00000000f8300000)
 ParOldGen       total 91648K, used 36929K [0x00000000c0000000, 0x00000000c5980000, 0x00000000eab00000)
  object space 91648K, 40% used [0x00000000c0000000,0x00000000c24106b8,0x00000000c5980000)
 Metaspace       used 47431K, capacity 49352K, committed 49664K, reserved 1091584K
  class space    used 6437K, capacity 6850K, committed 6912K, reserved 1048576K
}
Event: 25.081 GC heap before
{Heap before GC invocations=19 (full 3):
 PSYoungGen      total 220160K, used 12555K [0x00000000eab00000, 0x00000000f9c80000, 0x0000000100000000)
  eden space 195072K, 0% used [0x00000000eab00000,0x00000000eab00000,0x00000000f6980000)
  from space 25088K, 50% used [0x00000000f8400000,0x00000000f9042c18,0x00000000f9c80000)
  to   space 26112K, 0% used [0x00000000f6980000,0x00000000f6980000,0x00000000f8300000)
 ParOldGen       total 91648K, used 36929K [0x00000000c0000000, 0x00000000c5980000, 0x00000000eab00000)
  object space 91648K, 40% used [0x00000000c0000000,0x00000000c24106b8,0x00000000c5980000)
 Metaspace       used 47431K, capacity 49352K, committed 49664K, reserved 1091584K
  class space    used 6437K, capacity 6850K, committed 6912K, reserved 1048576K
Event: 25.494 GC heap after
Heap after GC invocations=19 (full 3):
 PSYoungGen      total 220160K, used 0K [0x00000000eab00000, 0x00000000f9c80000, 0x0000000100000000)
  eden space 195072K, 0% used [0x00000000eab00000,0x00000000eab00000,0x00000000f6980000)
  from space 25088K, 0% used [0x00000000f8400000,0x00000000f8400000,0x00000000f9c80000)
  to   space 26112K, 0% used [0x00000000f6980000,0x00000000f6980000,0x00000000f8300000)
 ParOldGen       total 91648K, used 39484K [0x00000000c0000000, 0x00000000c5980000, 0x00000000eab00000)
  object space 91648K, 43% used [0x00000000c0000000,0x00000000c268f138,0x00000000c5980000)
 Metaspace       used 47392K, capacity 49308K, committed 49664K, reserved 1091584K
  class space    used 6425K, capacity 6838K, committed 6912K, reserved 1048576K
}
Event: 34.066 GC heap before
{Heap before GC invocations=20 (full 3):
 PSYoungGen      total 220160K, used 195072K [0x00000000eab00000, 0x00000000f9c80000, 0x0000000100000000)
  eden space 195072K, 100% used [0x00000000eab00000,0x00000000f6980000,0x00000000f6980000)
  from space 25088K, 0% used [0x00000000f8400000,0x00000000f8400000,0x00000000f9c80000)
  to   space 26112K, 0% used [0x00000000f6980000,0x00000000f6980000,0x00000000f8300000)
 ParOldGen       total 91648K, used 39484K [0x00000000c0000000, 0x00000000c5980000, 0x00000000eab00000)
  object space 91648K, 43% used [0x00000000c0000000,0x00000000c268f138,0x00000000c5980000)
 Metaspace       used 51372K, capacity 53670K, committed 53888K, reserved 1095680K
  class space    used 6951K, capacity 7511K, committed 7552K, reserved 1048576K
Event: 34.085 GC heap after
Heap after GC invocations=20 (full 3):
 PSYoungGen      total 221184K, used 14952K [0x00000000eab00000, 0x00000000fc700000, 0x0000000100000000)
  eden space 195072K, 0% used [0x00000000eab00000,0x00000000eab00000,0x00000000f6980000)
  from space 26112K, 57% used [0x00000000f6980000,0x00000000f781a198,0x00000000f8300000)
  to   space 26112K, 0% used [0x00000000fad80000,0x00000000fad80000,0x00000000fc700000)
 ParOldGen       total 91648K, used 39492K [0x00000000c0000000, 0x00000000c5980000, 0x00000000eab00000)
  object space 91648K, 43% used [0x00000000c0000000,0x00000000c2691138,0x00000000c5980000)
 Metaspace       used 51372K, capacity 53670K, committed 53888K, reserved 1095680K
  class space    used 6951K, capacity 7511K, committed 7552K, reserved 1048576K
}
Event: 961.648 GC heap before
{Heap before GC invocations=21 (full 3):
 PSYoungGen      total 221184K, used 210024K [0x00000000eab00000, 0x00000000fc700000, 0x0000000100000000)
  eden space 195072K, 100% used [0x00000000eab00000,0x00000000f6980000,0x00000000f6980000)
  from space 26112K, 57% used [0x00000000f6980000,0x00000000f781a198,0x00000000f8300000)
  to   space 26112K, 0% used [0x00000000fad80000,0x00000000fad80000,0x00000000fc700000)
 ParOldGen       total 91648K, used 39492K [0x00000000c0000000, 0x00000000c5980000, 0x00000000eab00000)
  object space 91648K, 43% used [0x00000000c0000000,0x00000000c2691138,0x00000000c5980000)
 Metaspace       used 53046K, capacity 55586K, committed 55680K, reserved 1097728K
  class space    used 7164K, capacity 7748K, committed 7808K, reserved 1048576K
Event: 961.657 GC heap after
Heap after GC invocations=21 (full 3):
 PSYoungGen      total 197632K, used 8809K [0x00000000eab00000, 0x00000000fb680000, 0x0000000100000000)
  eden space 188416K, 0% used [0x00000000eab00000,0x00000000eab00000,0x00000000f6300000)
  from space 9216K, 95% used [0x00000000fad80000,0x00000000fb61a488,0x00000000fb680000)
  to   space 25088K, 0% used [0x00000000f8580000,0x00000000f8580000,0x00000000f9e00000)
 ParOldGen       total 91648K, used 39500K [0x00000000c0000000, 0x00000000c5980000, 0x00000000eab00000)
  object space 91648K, 43% used [0x00000000c0000000,0x00000000c2693138,0x00000000c5980000)
 Metaspace       used 53046K, capacity 55586K, committed 55680K, reserved 1097728K
  class space    used 7164K, capacity 7748K, committed 7808K, reserved 1048576K
}

